c:\users\alu201415069\documents\visual studio 2015\projects\trabalho_cg-master\trabalhocigraua\debug\trabalhocggraua.pch
c:\users\alu201415069\documents\visual studio 2015\projects\trabalho_cg-master\trabalhocigraua\debug\vc140.pdb
c:\users\alu201415069\documents\visual studio 2015\projects\trabalho_cg-master\trabalhocigraua\debug\vc140.idb
c:\users\alu201415069\documents\visual studio 2015\projects\trabalho_cg-master\trabalhocigraua\debug\stdafx.obj
c:\users\alu201415069\documents\visual studio 2015\projects\trabalho_cg-master\trabalhocigraua\debug\trabalhocigraua.obj
c:\users\leo\documents\visual studio 2015\projects\trabalho_cg-master\trabalhocigraua\debug\trabalhocggraua.pch
c:\users\leo\documents\visual studio 2015\projects\trabalho_cg-master\trabalhocigraua\debug\vc140.pdb
c:\users\leo\documents\visual studio 2015\projects\trabalho_cg-master\trabalhocigraua\debug\vc140.idb
c:\users\leo\documents\visual studio 2015\projects\trabalho_cg-master\trabalhocigraua\debug\stdafx.obj
c:\users\leo\documents\visual studio 2015\projects\trabalho_cg-master\trabalhocigraua\debug\trabalhocigraua.obj
c:\users\alu201415069\documents\visual studio 2015\projects\trabalho_cg-master\debug\trabalhocggraua.ilk
c:\users\alu201415069\documents\visual studio 2015\projects\trabalho_cg-master\debug\trabalhocggraua.exe
c:\users\alu201415069\documents\visual studio 2015\projects\trabalho_cg-master\debug\trabalhocggraua.pdb
c:\users\leo\documents\visual studio 2015\projects\trabalho_cg-master\debug\trabalhocggraua.ilk
c:\users\leo\documents\visual studio 2015\projects\trabalho_cg-master\debug\trabalhocggraua.exe
c:\users\leo\documents\visual studio 2015\projects\trabalho_cg-master\debug\trabalhocggraua.pdb
c:\users\leo\documents\visual studio 2015\projects\trabalhocigraua\trabalhocigraua\debug\stdafx.obj
c:\users\leo\documents\visual studio 2015\projects\trabalhocigraua\trabalhocigraua\debug\trabalhocigraua.obj
c:\users\leo\documents\visual studio 2015\projects\trabalhocigraua\trabalhocigraua\debug\trabalhocggraua.pch
c:\users\leo\documents\visual studio 2015\projects\trabalhocigraua\trabalhocigraua\debug\vc140.idb
c:\users\leo\documents\visual studio 2015\projects\trabalhocigraua\trabalhocigraua\debug\vc140.pdb
c:\users\leo\documents\visual studio 2015\projects\trabalhocigraua\debug\trabalhocggraua.pdb
c:\users\leo\documents\visual studio 2015\projects\trabalhocigraua\debug\trabalhocggraua.exe
c:\users\leo\documents\visual studio 2015\projects\trabalhocigraua\debug\trabalhocggraua.ilk
c:\users\leo\documents\visual studio 2015\projects\trabalhocigraua\trabalhocigraua\debug\trabalhocggraua.tlog\cl.command.1.tlog
c:\users\leo\documents\visual studio 2015\projects\trabalhocigraua\trabalhocigraua\debug\trabalhocggraua.tlog\cl.read.1.tlog
c:\users\leo\documents\visual studio 2015\projects\trabalhocigraua\trabalhocigraua\debug\trabalhocggraua.tlog\cl.write.1.tlog
c:\users\leo\documents\visual studio 2015\projects\trabalhocigraua\trabalhocigraua\debug\trabalhocggraua.tlog\link.command.1.tlog
c:\users\leo\documents\visual studio 2015\projects\trabalhocigraua\trabalhocigraua\debug\trabalhocggraua.tlog\link.read.1.tlog
c:\users\leo\documents\visual studio 2015\projects\trabalhocigraua\trabalhocigraua\debug\trabalhocggraua.tlog\link.write.1.tlog
